#
# There is insufficient memory for the Java Runtime Environment to continue.
# Native memory allocation (malloc) failed to allocate 1357152 bytes for Chunk::new
# Possible reasons:
#   The system is out of physical RAM or swap space
#   The process is running with CompressedOops enabled, and the Java Heap may be blocking the growth of the native heap
# Possible solutions:
#   Reduce memory load on the system
#   Increase physical memory or swap space
#   Check if swap backing store is full
#   Decrease Java heap size (-Xmx/-Xms)
#   Decrease number of Java threads
#   Decrease Java thread stack sizes (-Xss)
#   Set larger code cache with -XX:ReservedCodeCacheSize=
#   JVM is running with Zero Based Compressed Oops mode in which the Java heap is
#     placed in the first 32GB address space. The Java Heap base address is the
#     maximum limit for the native heap growth. Please use -XX:HeapBaseMinAddress
#     to set the Java Heap base and to place the Java Heap above 32GB virtual address.
# This output file may be truncated or incomplete.
#
#  Out of Memory Error (arena.cpp:189), pid=27408, tid=15988
#
# JRE version: OpenJDK Runtime Environment Zulu17.30+15-CA (17.0.1+12) (build 17.0.1+12-LTS)
# Java VM: OpenJDK 64-Bit Server VM Zulu17.30+15-CA (17.0.1+12-LTS, mixed mode, sharing, tiered, compressed oops, compressed class ptrs, g1 gc, windows-amd64)
# No core dump will be written. Minidumps are not enabled by default on client versions of Windows
#

---------------  S U M M A R Y ------------

Command Line: -Dapplication.home=C:\Users\opkar\.jdks\azul-17.0.1 --add-modules=ALL-DEFAULT -Xms8m -Djdk.module.main=jdk.javadoc jdk.javadoc/jdk.javadoc.internal.tool.Main @options @packages

Host: Intel(R) Core(TM) i7-10750H CPU @ 2.60GHz, 12 cores, 15G,  Windows 10 , 64 bit Build 22000 (10.0.22000.613)
Time: Thu May 12 11:48:58 2022  Windows 10 , 64 bit Build 22000 (10.0.22000.613) elapsed time: 7.474187 seconds (0d 0h 0m 7s)

---------------  T H R E A D  ---------------

Current thread (0x000002e1efcd0720):  JavaThread "C2 CompilerThread0" daemon [_thread_in_native, id=15988, stack(0x000000f54bc00000,0x000000f54bd00000)]


Current CompileTask:
C2:   7474 5340  s    4       java.text.RuleBasedCollator::getCollationKey (533 bytes)

Stack: [0x000000f54bc00000,0x000000f54bd00000]
Native frames: (J=compiled Java code, j=interpreted, Vv=VM code, C=native code)
V  [jvm.dll+0x674d3a]
V  [jvm.dll+0x82ef34]
V  [jvm.dll+0x8306de]
V  [jvm.dll+0x830d43]
V  [jvm.dll+0x245365]
V  [jvm.dll+0xab9eb]
V  [jvm.dll+0xabf7c]
V  [jvm.dll+0x363177]
V  [jvm.dll+0x1bb832]
V  [jvm.dll+0x218459]
V  [jvm.dll+0x217721]
V  [jvm.dll+0x1a386d]
V  [jvm.dll+0x227078]
V  [jvm.dll+0x2251dc]
V  [jvm.dll+0x7e497b]
V  [jvm.dll+0x7def3a]
V  [jvm.dll+0x673b65]
C  [ucrtbase.dll+0x26c0c]
C  [KERNEL32.DLL+0x154e0]
C  [ntdll.dll+0x485b]


---------------  P R O C E S S  ---------------

Threads class SMR info:
_java_thread_list=0x000002e1f0f715a0, length=14, elements={
0x000002e1caa6e240, 0x000002e1cab32fc0, 0x000002e1cab365e0, 0x000002e1cab4dc50,
0x000002e1cab4e600, 0x000002e1efccdfd0, 0x000002e1efccf990, 0x000002e1efcd0720,
0x000002e1efcd31d0, 0x000002e1efcd3bc0, 0x000002e1efd7e0b0, 0x000002e1f08a0cc0,
0x000002e1f0d5f510, 0x000002e1f10e12f0
}

Java Threads: ( => current thread )
  0x000002e1caa6e240 JavaThread "main" [_thread_in_Java, id=18320, stack(0x000000f54af00000,0x000000f54b000000)]
  0x000002e1cab32fc0 JavaThread "Reference Handler" daemon [_thread_blocked, id=25808, stack(0x000000f54b600000,0x000000f54b700000)]
  0x000002e1cab365e0 JavaThread "Finalizer" daemon [_thread_blocked, id=20192, stack(0x000000f54b700000,0x000000f54b800000)]
  0x000002e1cab4dc50 JavaThread "Signal Dispatcher" daemon [_thread_blocked, id=24132, stack(0x000000f54b800000,0x000000f54b900000)]
  0x000002e1cab4e600 JavaThread "Attach Listener" daemon [_thread_blocked, id=13068, stack(0x000000f54b900000,0x000000f54ba00000)]
  0x000002e1efccdfd0 JavaThread "Service Thread" daemon [_thread_blocked, id=26216, stack(0x000000f54ba00000,0x000000f54bb00000)]
  0x000002e1efccf990 JavaThread "Monitor Deflation Thread" daemon [_thread_blocked, id=26052, stack(0x000000f54bb00000,0x000000f54bc00000)]
=>0x000002e1efcd0720 JavaThread "C2 CompilerThread0" daemon [_thread_in_native, id=15988, stack(0x000000f54bc00000,0x000000f54bd00000)]
  0x000002e1efcd31d0 JavaThread "C1 CompilerThread0" daemon [_thread_blocked, id=21192, stack(0x000000f54bd00000,0x000000f54be00000)]
  0x000002e1efcd3bc0 JavaThread "Sweeper thread" daemon [_thread_blocked, id=13508, stack(0x000000f54be00000,0x000000f54bf00000)]
  0x000002e1efd7e0b0 JavaThread "Common-Cleaner" daemon [_thread_blocked, id=23976, stack(0x000000f54bf00000,0x000000f54c000000)]
  0x000002e1f08a0cc0 JavaThread "Notification Thread" daemon [_thread_blocked, id=12552, stack(0x000000f54c000000,0x000000f54c100000)]
  0x000002e1f0d5f510 JavaThread "C2 CompilerThread1" daemon [_thread_in_native, id=26676, stack(0x000000f54ca00000,0x000000f54cb00000)]
  0x000002e1f10e12f0 JavaThread "C2 CompilerThread2" daemon [_thread_in_native, id=21996, stack(0x000000f54ce00000,0x000000f54cf00000)]

Other Threads:
  0x000002e1cab27bb0 VMThread "VM Thread" [stack: 0x000000f54b500000,0x000000f54b600000] [id=8460]
  0x000002e1f088d5d0 WatcherThread [stack: 0x000000f54c100000,0x000000f54c200000] [id=29464]
  0x000002e1caabdbe0 GCTaskThread "GC Thread#0" [stack: 0x000000f54b000000,0x000000f54b100000] [id=4596]
  0x000002e1f0a6d6b0 GCTaskThread "GC Thread#1" [stack: 0x000000f54c200000,0x000000f54c300000] [id=21188]
  0x000002e1f0a1f050 GCTaskThread "GC Thread#2" [stack: 0x000000f54c300000,0x000000f54c400000] [id=6320]
  0x000002e1f0a1f300 GCTaskThread "GC Thread#3" [stack: 0x000000f54c400000,0x000000f54c500000] [id=1312]
  0x000002e1f0b2ee30 GCTaskThread "GC Thread#4" [stack: 0x000000f54c500000,0x000000f54c600000] [id=2176]
  0x000002e1f0ca4e70 GCTaskThread "GC Thread#5" [stack: 0x000000f54c600000,0x000000f54c700000] [id=15132]
  0x000002e1f0ca5120 GCTaskThread "GC Thread#6" [stack: 0x000000f54c700000,0x000000f54c800000] [id=22648]
  0x000002e1f0eed020 GCTaskThread "GC Thread#7" [stack: 0x000000f54cb00000,0x000000f54cc00000] [id=12704]
  0x000002e1f0eed2d0 GCTaskThread "GC Thread#8" [stack: 0x000000f54cc00000,0x000000f54cd00000] [id=23076]
  0x000002e1f0f684f0 GCTaskThread "GC Thread#9" [stack: 0x000000f54cd00000,0x000000f54ce00000] [id=6608]
  0x000002e1caace870 ConcurrentGCThread "G1 Main Marker" [stack: 0x000000f54b100000,0x000000f54b200000] [id=23576]
  0x000002e1caacf280 ConcurrentGCThread "G1 Conc#0" [stack: 0x000000f54b200000,0x000000f54b300000] [id=23716]
  0x000002e1f0c9b050 ConcurrentGCThread "G1 Conc#1" [stack: 0x000000f54c800000,0x000000f54c900000] [id=11904]
  0x000002e1f0c9b300 ConcurrentGCThread "G1 Conc#2" [stack: 0x000000f54c900000,0x000000f54ca00000] [id=22948]
  0x000002e1cab00a30 ConcurrentGCThread "G1 Refine#0" [stack: 0x000000f54b300000,0x000000f54b400000] [id=18604]
  0x000002e1cab01450 ConcurrentGCThread "G1 Service" [stack: 0x000000f54b400000,0x000000f54b500000] [id=16968]

Threads with active compile tasks:
C2 CompilerThread0     7493 5340  s    4       java.text.RuleBasedCollator::getCollationKey (533 bytes)
C2 CompilerThread1     7493 5380       4       jdk.javadoc.internal.doclets.toolkit.util.DocLink::relativizeAgainst (76 bytes)
C2 CompilerThread2     7493 5332       4       jdk.javadoc.internal.doclets.formats.html.HtmlLinkFactory::getClassLink (522 bytes)

VM state: not at safepoint (normal execution)

VM Mutex/Monitor currently owned by a thread:  ([mutex/lock_event])
[0x000002e1caa684e0] CompiledIC_lock - owner thread: 0x0000000000000000

Heap address: 0x0000000702a00000, size: 4054 MB, Compressed Oops mode: Zero based, Oop shift amount: 3

CDS archive(s) mapped at: [0x0000000800000000-0x0000000800bc0000-0x0000000800bc0000), size 12320768, SharedBaseAddress: 0x0000000800000000, ArchiveRelocationMode: 0.
Compressed class space mapped at: 0x0000000800c00000-0x0000000840c00000, reserved size: 1073741824
Narrow klass base: 0x0000000800000000, Narrow klass shift: 0, Narrow klass range: 0x100000000

GC Precious Log:
 CPUs: 12 total, 12 available
 Memory: 16215M
 Large Page Support: Disabled
 NUMA Support: Disabled
 Compressed Oops: Enabled (Zero based)
 Heap Region Size: 2M
 Heap Min Capacity: 8M
 Heap Initial Capacity: 8M
 Heap Max Capacity: 4054M
 Pre-touch: Disabled
 Parallel Workers: 10
 Concurrent Workers: 3
 Concurrent Refinement Workers: 10
 Periodic GC: Disabled

Heap:
 garbage-first heap   total 100352K, used 48671K [0x0000000702a00000, 0x0000000800000000)
  region size 2048K, 11 young (22528K), 2 survivors (4096K)
 Metaspace       used 15693K, committed 15936K, reserved 1064960K
  class space    used 1666K, committed 1792K, reserved 1048576K

Heap Regions: E=young(eden), S=young(survivor), O=old, HS=humongous(starts), HC=humongous(continues), CS=collection set, F=free, OA=open archive, CA=closed archive, TAMS=top-at-mark-start (previous, next)
|   0|0x0000000702a00000, 0x0000000702c00000, 0x0000000702c00000|100%| O|  |TAMS 0x0000000702c00000, 0x0000000702a00000| Untracked 
|   1|0x0000000702c00000, 0x0000000702e00000, 0x0000000702e00000|100%| O|  |TAMS 0x0000000702e00000, 0x0000000702c00000| Untracked 
|   2|0x0000000702e00000, 0x0000000703000000, 0x0000000703000000|100%| O|  |TAMS 0x0000000703000000, 0x0000000702e00000| Untracked 
|   3|0x0000000703000000, 0x0000000703200000, 0x0000000703200000|100%|HS|  |TAMS 0x0000000703200000, 0x0000000703000000| Complete 
|   4|0x0000000703200000, 0x0000000703400000, 0x0000000703400000|100%| O|  |TAMS 0x0000000703400000, 0x0000000703200000| Untracked 
|   5|0x0000000703400000, 0x0000000703600000, 0x0000000703600000|100%| O|  |TAMS 0x0000000703600000, 0x0000000703400000| Untracked 
|   6|0x0000000703600000, 0x0000000703800000, 0x0000000703800000|100%| O|  |TAMS 0x0000000703800000, 0x0000000703600000| Untracked 
|   7|0x0000000703800000, 0x0000000703a00000, 0x0000000703a00000|100%| O|  |TAMS 0x0000000703a00000, 0x0000000703800000| Untracked 
|   8|0x0000000703a00000, 0x0000000703c00000, 0x0000000703c00000|100%| O|  |TAMS 0x0000000703c00000, 0x0000000703a00000| Untracked 
|   9|0x0000000703c00000, 0x0000000703e00000, 0x0000000703e00000|100%| O|  |TAMS 0x0000000703c8b800, 0x0000000703c00000| Untracked 
|  10|0x0000000703e00000, 0x0000000704000000, 0x0000000704000000|100%|HS|  |TAMS 0x0000000703e00000, 0x0000000703e00000| Complete 
|  11|0x0000000704000000, 0x0000000704200000, 0x0000000704200000|100%| O|  |TAMS 0x0000000704000000, 0x0000000704000000| Untracked 
|  12|0x0000000704200000, 0x0000000704400000, 0x0000000704400000|100%| O|  |TAMS 0x0000000704200000, 0x0000000704200000| Untracked 
|  13|0x0000000704400000, 0x0000000704600000, 0x0000000704600000|100%| O|  |TAMS 0x0000000704400000, 0x0000000704400000| Untracked 
|  14|0x0000000704600000, 0x00000007046f3200, 0x0000000704800000| 47%| O|  |TAMS 0x0000000704600000, 0x0000000704600000| Untracked 
|  15|0x0000000704800000, 0x0000000704800000, 0x0000000704a00000|  0%| F|  |TAMS 0x0000000704800000, 0x0000000704800000| Untracked 
|  16|0x0000000704a00000, 0x0000000704a00000, 0x0000000704c00000|  0%| F|  |TAMS 0x0000000704a00000, 0x0000000704a00000| Untracked 
|  17|0x0000000704c00000, 0x0000000704c00000, 0x0000000704e00000|  0%| F|  |TAMS 0x0000000704c00000, 0x0000000704c00000| Untracked 
|  18|0x0000000704e00000, 0x0000000704e00000, 0x0000000705000000|  0%| F|  |TAMS 0x0000000704e00000, 0x0000000704e00000| Untracked 
|  19|0x0000000705000000, 0x0000000705000000, 0x0000000705200000|  0%| F|  |TAMS 0x0000000705000000, 0x0000000705000000| Untracked 
|  20|0x0000000705200000, 0x0000000705200000, 0x0000000705400000|  0%| F|  |TAMS 0x0000000705200000, 0x0000000705200000| Untracked 
|  21|0x0000000705400000, 0x0000000705400000, 0x0000000705600000|  0%| F|  |TAMS 0x0000000705400000, 0x0000000705400000| Untracked 
|  22|0x0000000705600000, 0x0000000705600000, 0x0000000705800000|  0%| F|  |TAMS 0x0000000705600000, 0x0000000705600000| Untracked 
|  23|0x0000000705800000, 0x0000000705800000, 0x0000000705a00000|  0%| F|  |TAMS 0x0000000705800000, 0x0000000705800000| Untracked 
|  24|0x0000000705a00000, 0x0000000705a00000, 0x0000000705c00000|  0%| F|  |TAMS 0x0000000705a00000, 0x0000000705a00000| Untracked 
|  25|0x0000000705c00000, 0x0000000705c00000, 0x0000000705e00000|  0%| F|  |TAMS 0x0000000705c00000, 0x0000000705c00000| Untracked 
|  26|0x0000000705e00000, 0x0000000705e94ab8, 0x0000000706000000| 29%| S|CS|TAMS 0x0000000705e00000, 0x0000000705e00000| Complete 
|  27|0x0000000706000000, 0x0000000706200000, 0x0000000706200000|100%| S|CS|TAMS 0x0000000706000000, 0x0000000706000000| Complete 
|  28|0x0000000706200000, 0x0000000706200000, 0x0000000706400000|  0%| F|  |TAMS 0x0000000706200000, 0x0000000706200000| Untracked 
|  29|0x0000000706400000, 0x0000000706400000, 0x0000000706600000|  0%| F|  |TAMS 0x0000000706400000, 0x0000000706400000| Untracked 
|  30|0x0000000706600000, 0x0000000706600000, 0x0000000706800000|  0%| F|  |TAMS 0x0000000706600000, 0x0000000706600000| Untracked 
|  31|0x0000000706800000, 0x0000000706800000, 0x0000000706a00000|  0%| F|  |TAMS 0x0000000706800000, 0x0000000706800000| Untracked 
|  32|0x0000000706a00000, 0x0000000706a00000, 0x0000000706c00000|  0%| F|  |TAMS 0x0000000706a00000, 0x0000000706a00000| Untracked 
|  33|0x0000000706c00000, 0x0000000706c00000, 0x0000000706e00000|  0%| F|  |TAMS 0x0000000706c00000, 0x0000000706c00000| Untracked 
|  34|0x0000000706e00000, 0x0000000706e00000, 0x0000000707000000|  0%| F|  |TAMS 0x0000000706e00000, 0x0000000706e00000| Untracked 
|  35|0x0000000707000000, 0x0000000707000000, 0x0000000707200000|  0%| F|  |TAMS 0x0000000707000000, 0x0000000707000000| Untracked 
|  36|0x0000000707200000, 0x0000000707200000, 0x0000000707400000|  0%| F|  |TAMS 0x0000000707200000, 0x0000000707200000| Untracked 
|  37|0x0000000707400000, 0x0000000707400000, 0x0000000707600000|  0%| F|  |TAMS 0x0000000707400000, 0x0000000707400000| Untracked 
|  38|0x0000000707600000, 0x0000000707600000, 0x0000000707800000|  0%| F|  |TAMS 0x0000000707600000, 0x0000000707600000| Untracked 
|  39|0x0000000707800000, 0x0000000707800000, 0x0000000707a00000|  0%| F|  |TAMS 0x0000000707800000, 0x0000000707800000| Untracked 
|  40|0x0000000707a00000, 0x0000000707bea060, 0x0000000707c00000| 95%| E|  |TAMS 0x0000000707a00000, 0x0000000707a00000| Complete 
|  41|0x0000000707c00000, 0x0000000707e00000, 0x0000000707e00000|100%| E|CS|TAMS 0x0000000707c00000, 0x0000000707c00000| Complete 
|  42|0x0000000707e00000, 0x0000000708000000, 0x0000000708000000|100%| E|CS|TAMS 0x0000000707e00000, 0x0000000707e00000| Complete 
|  43|0x0000000708000000, 0x0000000708200000, 0x0000000708200000|100%| E|CS|TAMS 0x0000000708000000, 0x0000000708000000| Complete 
|  44|0x0000000708200000, 0x0000000708400000, 0x0000000708400000|100%| E|CS|TAMS 0x0000000708200000, 0x0000000708200000| Complete 
|  45|0x0000000708400000, 0x0000000708600000, 0x0000000708600000|100%| E|CS|TAMS 0x0000000708400000, 0x0000000708400000| Complete 
|  46|0x0000000708600000, 0x0000000708800000, 0x0000000708800000|100%| E|CS|TAMS 0x0000000708600000, 0x0000000708600000| Complete 
|  47|0x0000000708800000, 0x0000000708a00000, 0x0000000708a00000|100%| E|CS|TAMS 0x0000000708800000, 0x0000000708800000| Complete 
|  48|0x0000000708a00000, 0x0000000708c00000, 0x0000000708c00000|100%| E|CS|TAMS 0x0000000708a00000, 0x0000000708a00000| Complete 

Card table byte_map: [0x000002e1e41e0000,0x000002e1e49d0000] _byte_map_base: 0x000002e1e09cb000

Marking Bits (Prev, Next): (CMBitMap*) 0x000002e1caabe230, (CMBitMap*) 0x000002e1caabe1f0
 Prev Bits: [0x000002e1e9120000, 0x000002e1ed078000)
 Next Bits: [0x000002e1e51c0000, 0x000002e1e9118000)

Polling page: 0x000002e1cab50000

Metaspace:

Usage:
  Non-class:     13.70 MB used.
      Class:      1.63 MB used.
       Both:     15.33 MB used.

Virtual space:
  Non-class space:       16.00 MB reserved,      13.81 MB ( 86%) committed,  2 nodes.
      Class space:        1.00 GB reserved,       1.75 MB ( <1%) committed,  1 nodes.
             Both:        1.02 GB reserved,      15.56 MB (  1%) committed. 

Chunk freelists:
   Non-Class:  1.80 MB
       Class:  2.28 MB
        Both:  4.08 MB

MaxMetaspaceSize: unlimited
CompressedClassSpaceSize: 1.00 GB
Initial GC threshold: 21.00 MB
Current GC threshold: 21.00 MB
CDS: on
MetaspaceReclaimPolicy: balanced
 - commit_granule_bytes: 65536.
 - commit_granule_words: 8192.
 - virtual_space_node_default_size: 1048576.
 - enlarge_chunks_in_place: 1.
 - new_chunks_are_fully_committed: 0.
 - uncommit_free_chunks: 1.
 - use_allocation_guard: 0.
 - handle_deallocations: 1.


Internal statistics:

num_allocs_failed_limit: 0.
num_arena_births: 176.
num_arena_deaths: 0.
num_vsnodes_births: 3.
num_vsnodes_deaths: 0.
num_space_committed: 249.
num_space_uncommitted: 0.
num_chunks_returned_to_freelist: 0.
num_chunks_taken_from_freelist: 707.
num_chunk_merges: 0.
num_chunk_splits: 481.
num_chunks_enlarged: 364.
num_purges: 0.
num_inconsistent_stats: 0.

CodeHeap 'non-profiled nmethods': size=120000Kb used=2420Kb max_used=2786Kb free=117579Kb
 bounds [0x000002e1db810000, 0x000002e1dbad0000, 0x000002e1e2d40000]
CodeHeap 'profiled nmethods': size=120000Kb used=9377Kb max_used=11747Kb free=110622Kb
 bounds [0x000002e1d42e0000, 0x000002e1d4e60000, 0x000002e1db810000]
CodeHeap 'non-nmethods': size=5760Kb used=1170Kb max_used=1305Kb free=4589Kb
 bounds [0x000002e1d3d40000, 0x000002e1d3fb0000, 0x000002e1d42e0000]
 total_blobs=4811 nmethods=4354 adapters=368
 compilation: enabled
              stopped_count=0, restarted_count=0
 full_count=0

Compilation events (20 events):
Event: 7.406 Thread 0x000002e1efcd31d0 5461       3       jdk.javadoc.internal.doclets.formats.html.AbstractMemberWriter::getMemberList (8 bytes)
Event: 7.408 Thread 0x000002e1efcd31d0 nmethod 5461 0x000002e1d42e6490 code [0x000002e1d42e66a0, 0x000002e1d42e6e88]
Event: 7.408 Thread 0x000002e1efcd31d0 5462       3       jdk.javadoc.internal.doclets.formats.html.SubWriterHolderWriter::getMemberList (17 bytes)
Event: 7.408 Thread 0x000002e1efcd31d0 nmethod 5462 0x000002e1d4585390 code [0x000002e1d4585580, 0x000002e1d4585c88]
Event: 7.422 Thread 0x000002e1efcd31d0 5463       3       jdk.javadoc.internal.doclets.toolkit.util.Utils$9::visitType (10 bytes)
Event: 7.422 Thread 0x000002e1efcd31d0 nmethod 5463 0x000002e1d4434d10 code [0x000002e1d4434ec0, 0x000002e1d4435108]
Event: 7.422 Thread 0x000002e1efcd31d0 5464       3       jdk.javadoc.internal.doclets.toolkit.util.Utils$9::visitType (55 bytes)
Event: 7.423 Thread 0x000002e1efcd31d0 nmethod 5464 0x000002e1d43b9490 code [0x000002e1d43b9700, 0x000002e1d43ba098]
Event: 7.423 Thread 0x000002e1efcd31d0 5465       3       com.sun.tools.javac.code.Symbol$ClassSymbol::getNestingKind (56 bytes)
Event: 7.423 Thread 0x000002e1efcd31d0 nmethod 5465 0x000002e1d4594a10 code [0x000002e1d4594c20, 0x000002e1d4595298]
Event: 7.424 Thread 0x000002e1efcd31d0 5466       3       javax.lang.model.element.NestingKind::isNested (13 bytes)
Event: 7.424 Thread 0x000002e1efcd31d0 nmethod 5466 0x000002e1d44d3590 code [0x000002e1d44d3720, 0x000002e1d44d3898]
Event: 7.429 Thread 0x000002e1efcd31d0 5467       3       java.io.StringWriter::write (10 bytes)
Event: 7.429 Thread 0x000002e1efcd31d0 nmethod 5467 0x000002e1d43c9f90 code [0x000002e1d43ca140, 0x000002e1d43ca3e8]
Event: 7.429 Thread 0x000002e1efcd31d0 5468       3       jdk.javadoc.internal.doclets.formats.html.markup.HtmlTree::DT (15 bytes)
Event: 7.429 Thread 0x000002e1efcd31d0 nmethod 5468 0x000002e1d4320110 code [0x000002e1d4320300, 0x000002e1d43208a8]
Event: 7.432 Thread 0x000002e1efcd31d0 5469       3       jdk.javadoc.internal.doclets.formats.html.markup.RawHtml::write (19 bytes)
Event: 7.433 Thread 0x000002e1efcd31d0 nmethod 5469 0x000002e1d438b390 code [0x000002e1d438b580, 0x000002e1d438ba18]
Event: 7.453 Thread 0x000002e1efcd31d0 5472       3       jdk.javadoc.internal.doclets.toolkit.util.VisibleMemberTable$$Lambda$266/0x0000000800d94000::test (12 bytes)
Event: 7.454 Thread 0x000002e1efcd31d0 nmethod 5472 0x000002e1d4371510 code [0x000002e1d43716e0, 0x000002e1d4371a98]

GC Heap History (20 events):
Event: 2.335 GC heap before
{Heap before GC invocations=16 (full 0):
 garbage-first heap   total 43008K, used 25197K [0x0000000702a00000, 0x0000000800000000)
  region size 2048K, 6 young (12288K), 1 survivors (2048K)
 Metaspace       used 10385K, committed 10560K, reserved 1064960K
  class space    used 1173K, committed 1280K, reserved 1048576K
}
Event: 2.347 GC heap after
{Heap after GC invocations=17 (full 0):
 garbage-first heap   total 43008K, used 17410K [0x0000000702a00000, 0x0000000800000000)
  region size 2048K, 1 young (2048K), 1 survivors (2048K)
 Metaspace       used 10385K, committed 10560K, reserved 1064960K
  class space    used 1173K, committed 1280K, reserved 1048576K
}
Event: 2.603 GC heap before
{Heap before GC invocations=17 (full 0):
 garbage-first heap   total 43008K, used 25602K [0x0000000702a00000, 0x0000000800000000)
  region size 2048K, 5 young (10240K), 1 survivors (2048K)
 Metaspace       used 10529K, committed 10752K, reserved 1064960K
  class space    used 1173K, committed 1280K, reserved 1048576K
}
Event: 2.614 GC heap after
{Heap after GC invocations=18 (full 0):
 garbage-first heap   total 43008K, used 18935K [0x0000000702a00000, 0x0000000800000000)
  region size 2048K, 1 young (2048K), 1 survivors (2048K)
 Metaspace       used 10529K, committed 10752K, reserved 1064960K
  class space    used 1173K, committed 1280K, reserved 1048576K
}
Event: 3.065 GC heap before
{Heap before GC invocations=18 (full 0):
 garbage-first heap   total 43008K, used 27127K [0x0000000702a00000, 0x0000000800000000)
  region size 2048K, 5 young (10240K), 1 survivors (2048K)
 Metaspace       used 10807K, committed 11072K, reserved 1064960K
  class space    used 1194K, committed 1344K, reserved 1048576K
}
Event: 3.077 GC heap after
{Heap after GC invocations=19 (full 0):
 garbage-first heap   total 43008K, used 20365K [0x0000000702a00000, 0x0000000800000000)
  region size 2048K, 1 young (2048K), 1 survivors (2048K)
 Metaspace       used 10807K, committed 11072K, reserved 1064960K
  class space    used 1194K, committed 1344K, reserved 1048576K
}
Event: 3.437 GC heap before
{Heap before GC invocations=19 (full 0):
 garbage-first heap   total 43008K, used 28557K [0x0000000702a00000, 0x0000000800000000)
  region size 2048K, 5 young (10240K), 1 survivors (2048K)
 Metaspace       used 11782K, committed 12032K, reserved 1064960K
  class space    used 1306K, committed 1408K, reserved 1048576K
}
Event: 3.446 GC heap after
{Heap after GC invocations=20 (full 0):
 garbage-first heap   total 69632K, used 21823K [0x0000000702a00000, 0x0000000800000000)
  region size 2048K, 1 young (2048K), 1 survivors (2048K)
 Metaspace       used 11782K, committed 12032K, reserved 1064960K
  class space    used 1306K, committed 1408K, reserved 1048576K
}
Event: 3.697 GC heap before
{Heap before GC invocations=21 (full 0):
 garbage-first heap   total 69632K, used 48447K [0x0000000702a00000, 0x0000000800000000)
  region size 2048K, 13 young (26624K), 1 survivors (2048K)
 Metaspace       used 11833K, committed 12032K, reserved 1064960K
  class space    used 1306K, committed 1408K, reserved 1048576K
}
Event: 3.714 GC heap after
{Heap after GC invocations=22 (full 0):
 garbage-first heap   total 69632K, used 27399K [0x0000000702a00000, 0x0000000800000000)
  region size 2048K, 2 young (4096K), 2 survivors (4096K)
 Metaspace       used 11833K, committed 12032K, reserved 1064960K
  class space    used 1306K, committed 1408K, reserved 1048576K
}
Event: 4.024 GC heap before
{Heap before GC invocations=22 (full 0):
 garbage-first heap   total 69632K, used 47879K [0x0000000702a00000, 0x0000000800000000)
  region size 2048K, 12 young (24576K), 2 survivors (4096K)
 Metaspace       used 12794K, committed 13056K, reserved 1064960K
  class space    used 1444K, committed 1600K, reserved 1048576K
}
Event: 4.046 GC heap after
{Heap after GC invocations=23 (full 0):
 garbage-first heap   total 69632K, used 29893K [0x0000000702a00000, 0x0000000800000000)
  region size 2048K, 2 young (4096K), 2 survivors (4096K)
 Metaspace       used 12794K, committed 13056K, reserved 1064960K
  class space    used 1444K, committed 1600K, reserved 1048576K
}
Event: 4.847 GC heap before
{Heap before GC invocations=23 (full 0):
 garbage-first heap   total 69632K, used 48325K [0x0000000702a00000, 0x0000000800000000)
  region size 2048K, 11 young (22528K), 2 survivors (4096K)
 Metaspace       used 15012K, committed 15232K, reserved 1064960K
  class space    used 1661K, committed 1792K, reserved 1048576K
}
Event: 4.858 GC heap after
{Heap after GC invocations=24 (full 0):
 garbage-first heap   total 69632K, used 31336K [0x0000000702a00000, 0x0000000800000000)
  region size 2048K, 1 young (2048K), 1 survivors (2048K)
 Metaspace       used 15012K, committed 15232K, reserved 1064960K
  class space    used 1661K, committed 1792K, reserved 1048576K
}
Event: 5.332 GC heap before
{Heap before GC invocations=24 (full 0):
 garbage-first heap   total 69632K, used 49768K [0x0000000702a00000, 0x0000000800000000)
  region size 2048K, 10 young (20480K), 1 survivors (2048K)
 Metaspace       used 15247K, committed 15488K, reserved 1064960K
  class space    used 1666K, committed 1792K, reserved 1048576K
}
Event: 5.339 GC heap after
{Heap after GC invocations=25 (full 0):
 garbage-first heap   total 69632K, used 31644K [0x0000000702a00000, 0x0000000800000000)
  region size 2048K, 1 young (2048K), 1 survivors (2048K)
 Metaspace       used 15247K, committed 15488K, reserved 1064960K
  class space    used 1666K, committed 1792K, reserved 1048576K
}
Event: 5.969 GC heap before
{Heap before GC invocations=25 (full 0):
 garbage-first heap   total 69632K, used 50076K [0x0000000702a00000, 0x0000000800000000)
  region size 2048K, 11 young (22528K), 1 survivors (2048K)
 Metaspace       used 15428K, committed 15680K, reserved 1064960K
  class space    used 1666K, committed 1792K, reserved 1048576K
}
Event: 5.977 GC heap after
{Heap after GC invocations=26 (full 0):
 garbage-first heap   total 100352K, used 31876K [0x0000000702a00000, 0x0000000800000000)
  region size 2048K, 2 young (4096K), 2 survivors (4096K)
 Metaspace       used 15428K, committed 15680K, reserved 1064960K
  class space    used 1666K, committed 1792K, reserved 1048576K
}
Event: 7.097 GC heap before
{Heap before GC invocations=26 (full 0):
 garbage-first heap   total 100352K, used 74884K [0x0000000702a00000, 0x0000000800000000)
  region size 2048K, 23 young (47104K), 2 survivors (4096K)
 Metaspace       used 15630K, committed 15872K, reserved 1064960K
  class space    used 1666K, committed 1792K, reserved 1048576K
}
Event: 7.104 GC heap after
{Heap after GC invocations=27 (full 0):
 garbage-first heap   total 100352K, used 32287K [0x0000000702a00000, 0x0000000800000000)
  region size 2048K, 2 young (4096K), 2 survivors (4096K)
 Metaspace       used 15630K, committed 15872K, reserved 1064960K
  class space    used 1666K, committed 1792K, reserved 1048576K
}

Deoptimization events (20 events):
Event: 6.242 Thread 0x000002e1caa6e240 Uncommon trap: trap_request=0xffffff45 fr.pc=0x000002e1dba0f520 relative=0x0000000000000220
Event: 6.242 Thread 0x000002e1caa6e240 Uncommon trap: reason=unstable_if action=reinterpret pc=0x000002e1dba0f520 method=javax.lang.model.element.ElementKind.isInterface()Z @ 11 c2
Event: 6.242 Thread 0x000002e1caa6e240 DEOPT PACKING pc=0x000002e1dba0f520 sp=0x000000f54affeaa0
Event: 6.242 Thread 0x000002e1caa6e240 DEOPT UNPACKING pc=0x000002e1d3d923a3 sp=0x000000f54affe9c8 mode 2
Event: 6.248 Thread 0x000002e1caa6e240 Uncommon trap: trap_request=0xffffff45 fr.pc=0x000002e1dba51880 relative=0x00000000000003e0
Event: 6.248 Thread 0x000002e1caa6e240 Uncommon trap: reason=unstable_if action=reinterpret pc=0x000002e1dba51880 method=javax.lang.model.element.ElementKind.isInterface()Z @ 11 c2
Event: 6.248 Thread 0x000002e1caa6e240 DEOPT PACKING pc=0x000002e1dba51880 sp=0x000000f54affe8e0
Event: 6.248 Thread 0x000002e1caa6e240 DEOPT UNPACKING pc=0x000002e1d3d923a3 sp=0x000000f54affe810 mode 2
Event: 6.562 Thread 0x000002e1caa6e240 Uncommon trap: trap_request=0xffffff45 fr.pc=0x000002e1db973184 relative=0x00000000000002c4
Event: 6.562 Thread 0x000002e1caa6e240 Uncommon trap: reason=unstable_if action=reinterpret pc=0x000002e1db973184 method=jdk.javadoc.internal.doclets.toolkit.util.Utils.lambda$getItems0$8(Ljava/util/function/Predicate;ZLjavax/lang/model/element/Element;)Z @ 19 c2
Event: 6.562 Thread 0x000002e1caa6e240 DEOPT PACKING pc=0x000002e1db973184 sp=0x000000f54affdc90
Event: 6.562 Thread 0x000002e1caa6e240 DEOPT UNPACKING pc=0x000002e1d3d923a3 sp=0x000000f54affdbc8 mode 2
Event: 6.831 Thread 0x000002e1caa6e240 Uncommon trap: trap_request=0xffffff45 fr.pc=0x000002e1dba30938 relative=0x0000000000000098
Event: 6.831 Thread 0x000002e1caa6e240 Uncommon trap: reason=unstable_if action=reinterpret pc=0x000002e1dba30938 method=java.util.LinkedHashMap.afterNodeInsertion(Z)V @ 18 c2
Event: 6.831 Thread 0x000002e1caa6e240 DEOPT PACKING pc=0x000002e1dba30938 sp=0x000000f54affe830
Event: 6.831 Thread 0x000002e1caa6e240 DEOPT UNPACKING pc=0x000002e1d3d923a3 sp=0x000000f54affe7b0 mode 2
Event: 7.208 Thread 0x000002e1caa6e240 Uncommon trap: trap_request=0xffffff76 fr.pc=0x000002e1dba299b4 relative=0x00000000000042b4
Event: 7.208 Thread 0x000002e1caa6e240 Uncommon trap: reason=predicate action=maybe_recompile pc=0x000002e1dba299b4 method=jdk.javadoc.internal.doclets.toolkit.util.DocPath.relativize(Ljdk/javadoc/internal/doclets/toolkit/util/DocPath;)Ljdk/javadoc/internal/doclets/toolkit/util/DocPath; @ 97 c
Event: 7.208 Thread 0x000002e1caa6e240 DEOPT PACKING pc=0x000002e1dba299b4 sp=0x000000f54affecb0
Event: 7.208 Thread 0x000002e1caa6e240 DEOPT UNPACKING pc=0x000002e1d3d923a3 sp=0x000000f54affec20 mode 2

Classes unloaded (0 events):
No events

Classes redefined (0 events):
No events

Internal exceptions (20 events):
Event: 6.751 Thread 0x000002e1caa6e240 Exception <a 'sun/nio/fs/WindowsException'{0x0000000707479a18}> (0x0000000707479a18) 
thrown [c:\jenkins\workspace\zulu17-build-win64\zulu-src.git\src\hotspot\share\prims\jni.cpp, line 516]
Event: 6.751 Thread 0x000002e1caa6e240 Exception <a 'sun/nio/fs/WindowsException'{0x0000000707479d98}> (0x0000000707479d98) 
thrown [c:\jenkins\workspace\zulu17-build-win64\zulu-src.git\src\hotspot\share\prims\jni.cpp, line 516]
Event: 6.751 Thread 0x000002e1caa6e240 Exception <a 'sun/nio/fs/WindowsException'{0x000000070747a908}> (0x000000070747a908) 
thrown [c:\jenkins\workspace\zulu17-build-win64\zulu-src.git\src\hotspot\share\prims\jni.cpp, line 516]
Event: 6.751 Thread 0x000002e1caa6e240 Exception <a 'sun/nio/fs/WindowsException'{0x000000070747ad18}> (0x000000070747ad18) 
thrown [c:\jenkins\workspace\zulu17-build-win64\zulu-src.git\src\hotspot\share\prims\jni.cpp, line 516]
Event: 6.822 Thread 0x000002e1caa6e240 Exception <a 'sun/nio/fs/WindowsException'{0x000000070735cf58}> (0x000000070735cf58) 
thrown [c:\jenkins\workspace\zulu17-build-win64\zulu-src.git\src\hotspot\share\prims\jni.cpp, line 516]
Event: 6.822 Thread 0x000002e1caa6e240 Exception <a 'sun/nio/fs/WindowsException'{0x000000070735d2b8}> (0x000000070735d2b8) 
thrown [c:\jenkins\workspace\zulu17-build-win64\zulu-src.git\src\hotspot\share\prims\jni.cpp, line 516]
Event: 6.823 Thread 0x000002e1caa6e240 Exception <a 'sun/nio/fs/WindowsException'{0x000000070735de18}> (0x000000070735de18) 
thrown [c:\jenkins\workspace\zulu17-build-win64\zulu-src.git\src\hotspot\share\prims\jni.cpp, line 516]
Event: 6.823 Thread 0x000002e1caa6e240 Exception <a 'sun/nio/fs/WindowsException'{0x000000070735e208}> (0x000000070735e208) 
thrown [c:\jenkins\workspace\zulu17-build-win64\zulu-src.git\src\hotspot\share\prims\jni.cpp, line 516]
Event: 7.141 Thread 0x000002e1caa6e240 Exception <a 'sun/nio/fs/WindowsException'{0x0000000708b560a8}> (0x0000000708b560a8) 
thrown [c:\jenkins\workspace\zulu17-build-win64\zulu-src.git\src\hotspot\share\prims\jni.cpp, line 516]
Event: 7.141 Thread 0x000002e1caa6e240 Exception <a 'sun/nio/fs/WindowsException'{0x0000000708b56418}> (0x0000000708b56418) 
thrown [c:\jenkins\workspace\zulu17-build-win64\zulu-src.git\src\hotspot\share\prims\jni.cpp, line 516]
Event: 7.143 Thread 0x000002e1caa6e240 Exception <a 'sun/nio/fs/WindowsException'{0x0000000708b56f78}> (0x0000000708b56f78) 
thrown [c:\jenkins\workspace\zulu17-build-win64\zulu-src.git\src\hotspot\share\prims\jni.cpp, line 516]
Event: 7.143 Thread 0x000002e1caa6e240 Exception <a 'sun/nio/fs/WindowsException'{0x0000000708b57368}> (0x0000000708b57368) 
thrown [c:\jenkins\workspace\zulu17-build-win64\zulu-src.git\src\hotspot\share\prims\jni.cpp, line 516]
Event: 7.239 Thread 0x000002e1caa6e240 Exception <a 'sun/nio/fs/WindowsException'{0x0000000708710578}> (0x0000000708710578) 
thrown [c:\jenkins\workspace\zulu17-build-win64\zulu-src.git\src\hotspot\share\prims\jni.cpp, line 516]
Event: 7.239 Thread 0x000002e1caa6e240 Exception <a 'sun/nio/fs/WindowsException'{0x00000007087108d8}> (0x00000007087108d8) 
thrown [c:\jenkins\workspace\zulu17-build-win64\zulu-src.git\src\hotspot\share\prims\jni.cpp, line 516]
Event: 7.239 Thread 0x000002e1caa6e240 Exception <a 'sun/nio/fs/WindowsException'{0x0000000708711420}> (0x0000000708711420) 
thrown [c:\jenkins\workspace\zulu17-build-win64\zulu-src.git\src\hotspot\share\prims\jni.cpp, line 516]
Event: 7.239 Thread 0x000002e1caa6e240 Exception <a 'sun/nio/fs/WindowsException'{0x0000000708711810}> (0x0000000708711810) 
thrown [c:\jenkins\workspace\zulu17-build-win64\zulu-src.git\src\hotspot\share\prims\jni.cpp, line 516]
Event: 7.268 Thread 0x000002e1caa6e240 Exception <a 'sun/nio/fs/WindowsException'{0x0000000708475608}> (0x0000000708475608) 
thrown [c:\jenkins\workspace\zulu17-build-win64\zulu-src.git\src\hotspot\share\prims\jni.cpp, line 516]
Event: 7.268 Thread 0x000002e1caa6e240 Exception <a 'sun/nio/fs/WindowsException'{0x0000000708475988}> (0x0000000708475988) 
thrown [c:\jenkins\workspace\zulu17-build-win64\zulu-src.git\src\hotspot\share\prims\jni.cpp, line 516]
Event: 7.269 Thread 0x000002e1caa6e240 Exception <a 'sun/nio/fs/WindowsException'{0x00000007084764f8}> (0x00000007084764f8) 
thrown [c:\jenkins\workspace\zulu17-build-win64\zulu-src.git\src\hotspot\share\prims\jni.cpp, line 516]
Event: 7.269 Thread 0x000002e1caa6e240 Exception <a 'sun/nio/fs/WindowsException'{0x0000000708476908}> (0x0000000708476908) 
thrown [c:\jenkins\workspace\zulu17-build-win64\zulu-src.git\src\hotspot\share\prims\jni.cpp, line 516]

VM Operations (20 events):
Event: 5.332 Executing VM operation: G1CollectForAllocation
Event: 5.339 Executing VM operation: G1CollectForAllocation done
Event: 5.825 Executing VM operation: ICBufferFull
Event: 5.825 Executing VM operation: ICBufferFull done
Event: 5.969 Executing VM operation: G1CollectForAllocation
Event: 5.977 Executing VM operation: G1CollectForAllocation done
Event: 6.508 Executing VM operation: ICBufferFull
Event: 6.508 Executing VM operation: ICBufferFull done
Event: 6.909 Executing VM operation: ICBufferFull
Event: 6.909 Executing VM operation: ICBufferFull done
Event: 6.985 Executing VM operation: HandshakeAllThreads
Event: 6.985 Executing VM operation: HandshakeAllThreads done
Event: 7.029 Executing VM operation: ICBufferFull
Event: 7.029 Executing VM operation: ICBufferFull done
Event: 7.032 Executing VM operation: HandshakeAllThreads
Event: 7.032 Executing VM operation: HandshakeAllThreads done
Event: 7.096 Executing VM operation: G1CollectForAllocation
Event: 7.104 Executing VM operation: G1CollectForAllocation done
Event: 7.168 Executing VM operation: HandshakeAllThreads
Event: 7.168 Executing VM operation: HandshakeAllThreads done

Events (20 events):
Event: 7.179 Thread 0x000002e1efcd3bc0 flushing nmethod 0x000002e1d4b93910
Event: 7.179 Thread 0x000002e1efcd3bc0 flushing nmethod 0x000002e1d4b9c610
Event: 7.179 Thread 0x000002e1efcd3bc0 flushing nmethod 0x000002e1d4b9e390
Event: 7.179 Thread 0x000002e1efcd3bc0 flushing nmethod 0x000002e1d4ba3690
Event: 7.179 Thread 0x000002e1efcd3bc0 flushing nmethod 0x000002e1d4bb2410
Event: 7.180 Thread 0x000002e1efcd3bc0 flushing nmethod 0x000002e1d4becf10
Event: 7.180 Thread 0x000002e1efcd3bc0 flushing nmethod 0x000002e1d4bee110
Event: 7.180 Thread 0x000002e1efcd3bc0 flushing nmethod 0x000002e1d4bf1b10
Event: 7.180 Thread 0x000002e1efcd3bc0 flushing nmethod 0x000002e1d4c0b990
Event: 7.180 Thread 0x000002e1efcd3bc0 flushing nmethod 0x000002e1d4c0e290
Event: 7.180 Thread 0x000002e1efcd3bc0 flushing nmethod 0x000002e1d4c1b410
Event: 7.180 Thread 0x000002e1efcd3bc0 flushing nmethod 0x000002e1d4c1f090
Event: 7.180 Thread 0x000002e1efcd3bc0 flushing nmethod 0x000002e1d4c2e490
Event: 7.180 Thread 0x000002e1efcd3bc0 flushing nmethod 0x000002e1d4c4e390
Event: 7.180 Thread 0x000002e1efcd3bc0 flushing nmethod 0x000002e1d4c5ab90
Event: 7.180 Thread 0x000002e1efcd3bc0 flushing nmethod 0x000002e1d4c99c90
Event: 7.181 Thread 0x000002e1efcd3bc0 flushing nmethod 0x000002e1d4cb0310
Event: 7.181 Thread 0x000002e1efcd3bc0 flushing nmethod 0x000002e1d4cbe090
Event: 7.181 Thread 0x000002e1efcd3bc0 flushing nmethod 0x000002e1d4d2bf90
Event: 7.181 Thread 0x000002e1efcd3bc0 flushing nmethod 0x000002e1d4db9210


Dynamic libraries:
0x00007ff788d50000 - 0x00007ff788d58000 	C:\Users\opkar\.jdks\azul-17.0.1\bin\javadoc.exe
0x00007ffab7f60000 - 0x00007ffab8169000 	C:\WINDOWS\SYSTEM32\ntdll.dll
0x00007ffab6ee0000 - 0x00007ffab6f9d000 	C:\WINDOWS\System32\KERNEL32.DLL
0x00007ffab5610000 - 0x00007ffab5984000 	C:\WINDOWS\System32\KERNELBASE.dll
0x00007ffab54f0000 - 0x00007ffab5601000 	C:\WINDOWS\System32\ucrtbase.dll
0x00007ffaae520000 - 0x00007ffaae53a000 	C:\Users\opkar\.jdks\azul-17.0.1\bin\VCRUNTIME140.dll
0x00007ffaac490000 - 0x00007ffaac4a8000 	C:\Users\opkar\.jdks\azul-17.0.1\bin\jli.dll
0x00007ffab75b0000 - 0x00007ffab775c000 	C:\WINDOWS\System32\USER32.dll
0x00007ffaa40f0000 - 0x00007ffaa4395000 	C:\WINDOWS\WinSxS\amd64_microsoft.windows.common-controls_6595b64144ccf1df_6.0.22000.120_none_9d947278b86cc467\COMCTL32.dll
0x00007ffab5450000 - 0x00007ffab5476000 	C:\WINDOWS\System32\win32u.dll
0x00007ffab6fa0000 - 0x00007ffab7043000 	C:\WINDOWS\System32\msvcrt.dll
0x00007ffab6d60000 - 0x00007ffab6d89000 	C:\WINDOWS\System32\GDI32.dll
0x00007ffab5a10000 - 0x00007ffab5b22000 	C:\WINDOWS\System32\gdi32full.dll
0x00007ffab5b30000 - 0x00007ffab5bcd000 	C:\WINDOWS\System32\msvcp_win.dll
0x00007ffab7060000 - 0x00007ffab7091000 	C:\WINDOWS\System32\IMM32.DLL
0x00007ffaae510000 - 0x00007ffaae51c000 	C:\Users\opkar\.jdks\azul-17.0.1\bin\vcruntime140_1.dll
0x00007ffa978d0000 - 0x00007ffa9795d000 	C:\Users\opkar\.jdks\azul-17.0.1\bin\msvcp140.dll
0x00007ffa4a530000 - 0x00007ffa4b178000 	C:\Users\opkar\.jdks\azul-17.0.1\bin\server\jvm.dll
0x00007ffab7760000 - 0x00007ffab780e000 	C:\WINDOWS\System32\ADVAPI32.dll
0x00007ffab6da0000 - 0x00007ffab6e3e000 	C:\WINDOWS\System32\sechost.dll
0x00007ffab5fa0000 - 0x00007ffab60c0000 	C:\WINDOWS\System32\RPCRT4.dll
0x00007ffab6ed0000 - 0x00007ffab6ed8000 	C:\WINDOWS\System32\PSAPI.DLL
0x00007ffab1830000 - 0x00007ffab1863000 	C:\WINDOWS\SYSTEM32\WINMM.dll
0x00007ffab0520000 - 0x00007ffab052a000 	C:\WINDOWS\SYSTEM32\VERSION.dll
0x00007ffab1970000 - 0x00007ffab1979000 	C:\WINDOWS\SYSTEM32\WSOCK32.dll
0x00007ffab7540000 - 0x00007ffab75af000 	C:\WINDOWS\System32\WS2_32.dll
0x00007ffab4640000 - 0x00007ffab4658000 	C:\WINDOWS\SYSTEM32\kernel.appcore.dll
0x00007ffaac400000 - 0x00007ffaac40a000 	C:\Users\opkar\.jdks\azul-17.0.1\bin\jimage.dll
0x00007ffab2f90000 - 0x00007ffab31b1000 	C:\WINDOWS\SYSTEM32\DBGHELP.DLL
0x00007ffaafef0000 - 0x00007ffaaff21000 	C:\WINDOWS\SYSTEM32\dbgcore.DLL
0x00007ffab5990000 - 0x00007ffab5a0f000 	C:\WINDOWS\System32\bcryptPrimitives.dll
0x00007ffaac2b0000 - 0x00007ffaac2d5000 	C:\Users\opkar\.jdks\azul-17.0.1\bin\java.dll
0x00007ffa90290000 - 0x00007ffa90366000 	C:\Users\opkar\.jdks\azul-17.0.1\bin\svml.dll
0x00007ffab60c0000 - 0x00007ffab686f000 	C:\WINDOWS\System32\SHELL32.dll
0x00007ffab35c0000 - 0x00007ffab3e28000 	C:\WINDOWS\SYSTEM32\windows.storage.dll
0x00007ffab6960000 - 0x00007ffab6cd8000 	C:\WINDOWS\System32\combase.dll
0x00007ffab3450000 - 0x00007ffab35b6000 	C:\WINDOWS\SYSTEM32\wintypes.dll
0x00007ffab73e0000 - 0x00007ffab74ca000 	C:\WINDOWS\System32\SHCORE.dll
0x00007ffab6870000 - 0x00007ffab68cd000 	C:\WINDOWS\System32\shlwapi.dll
0x00007ffab5380000 - 0x00007ffab53a1000 	C:\WINDOWS\SYSTEM32\profapi.dll
0x00007ffaa91e0000 - 0x00007ffaa91f9000 	C:\Users\opkar\.jdks\azul-17.0.1\bin\net.dll
0x00007ffab0c90000 - 0x00007ffab0d9c000 	C:\WINDOWS\SYSTEM32\WINHTTP.dll
0x00007ffab4a70000 - 0x00007ffab4ad7000 	C:\WINDOWS\system32\mswsock.dll
0x00007ffaa8de0000 - 0x00007ffaa8df5000 	C:\Users\opkar\.jdks\azul-17.0.1\bin\nio.dll
0x00007ffaaace0000 - 0x00007ffaaacf8000 	C:\Users\opkar\.jdks\azul-17.0.1\bin\zip.dll

dbghelp: loaded successfully - version: 4.0.5 - missing functions: none
symbol engine: initialized successfully - sym options: 0x614 - pdb path: .;C:\Users\opkar\.jdks\azul-17.0.1\bin;C:\WINDOWS\SYSTEM32;C:\WINDOWS\WinSxS\amd64_microsoft.windows.common-controls_6595b64144ccf1df_6.0.22000.120_none_9d947278b86cc467;C:\Users\opkar\.jdks\azul-17.0.1\bin\server

VM Arguments:
jvm_args: -Dapplication.home=C:\Users\opkar\.jdks\azul-17.0.1 --add-modules=ALL-DEFAULT -Xms8m -Djdk.module.main=jdk.javadoc 
java_command: jdk.javadoc/jdk.javadoc.internal.tool.Main @options @packages
java_class_path (initial): <not set>
Launcher Type: SUN_STANDARD

[Global flags]
     intx CICompilerCount                          = 4                                         {product} {ergonomic}
     uint ConcGCThreads                            = 3                                         {product} {ergonomic}
     uint G1ConcRefinementThreads                  = 10                                        {product} {ergonomic}
   size_t G1HeapRegionSize                         = 2097152                                   {product} {ergonomic}
    uintx GCDrainStackTargetSize                   = 64                                        {product} {ergonomic}
   size_t InitialHeapSize                          = 8388608                                   {product} {command line}
   size_t MarkStackSize                            = 4194304                                   {product} {ergonomic}
   size_t MaxHeapSize                              = 4250927104                                {product} {ergonomic}
   size_t MaxNewSize                               = 2550136832                                {product} {ergonomic}
   size_t MinHeapDeltaBytes                        = 2097152                                   {product} {ergonomic}
   size_t MinHeapSize                              = 8388608                                   {product} {command line}
    uintx NonNMethodCodeHeapSize                   = 5839372                                {pd product} {ergonomic}
    uintx NonProfiledCodeHeapSize                  = 122909434                              {pd product} {ergonomic}
    uintx ProfiledCodeHeapSize                     = 122909434                              {pd product} {ergonomic}
    uintx ReservedCodeCacheSize                    = 251658240                              {pd product} {ergonomic}
     bool SegmentedCodeCache                       = true                                      {product} {ergonomic}
   size_t SoftMaxHeapSize                          = 4250927104                             {manageable} {ergonomic}
     bool UseCompressedClassPointers               = true                           {product lp64_product} {ergonomic}
     bool UseCompressedOops                        = true                           {product lp64_product} {ergonomic}
     bool UseG1GC                                  = true                                      {product} {ergonomic}
     bool UseLargePagesIndividualAllocation        = false                                  {pd product} {ergonomic}

Logging:
Log output configuration:
 #0: stdout all=warning uptime,level,tags
 #1: stderr all=off uptime,level,tags

Environment Variables:
PATH=C:\ProgramData\Oracle\Java\javapath;C:\Program Files\Common Files\Oracle\Java\javapath;C:\Program Files (x86)\Common Files\Oracle\Java\javapath;C:\Windows\system32;C:\Windows;C:\Windows\System32\Wbem;C:\Windows\System32\WindowsPowerShell\v1.0\;C:\Windows\System32\OpenSSH\;C:\Program Files\NVIDIA Corporation\NVIDIA NvDLISR;C:\Program Files (x86)\NVIDIA Corporation\PhysX\Common;C:\Program Files\Git\cmd;C:\WINDOWS\system32;C:\WINDOWS;C:\WINDOWS\System32\Wbem;C:\WINDOWS\System32\WindowsPowerShell\v1.0\;C:\WINDOWS\System32\OpenSSH\;C:\Program Files (x86)\Windows Kits\10\Windows Performance Toolkit\;C:\Program Files (x86)\dotnet\;C:\Users\opkar\AppData\Local\Microsoft\WindowsApps;C:\Users\opkar\AppData\Local\GitHubDesktop\bin;C:\Users\opkar\.dotnet\tools
USERNAME=opkar
OS=Windows_NT
PROCESSOR_IDENTIFIER=Intel64 Family 6 Model 165 Stepping 2, GenuineIntel



---------------  S Y S T E M  ---------------

OS:
 Windows 10 , 64 bit Build 22000 (10.0.22000.613)
OS uptime: 25 days 18:40 hours

CPU: total 12 (initial active 12) (6 cores per cpu, 2 threads per core) family 6 model 165 stepping 2 microcode 0xea, cx8, cmov, fxsr, ht, mmx, 3dnowpref, sse, sse2, sse3, ssse3, sse4.1, sse4.2, popcnt, lzcnt, tsc, tscinvbit, avx, avx2, aes, erms, clmul, bmi1, bmi2, adx, fma, vzeroupper, clflush, clflushopt

Memory: 4k page, system-wide physical 16215M (3073M free)
TotalPageFile size 34965M (AvailPageFile size 5M)
current process WorkingSet (physical memory assigned to process): 233M, peak: 234M
current process commit charge ("private bytes"): 270M, peak: 272M

vm_info: OpenJDK 64-Bit Server VM (17.0.1+12-LTS) for windows-amd64 JRE (17.0.1+12-LTS) (Zulu17.30+15-CA), built on Oct 20 2021 15:39:00 by "zulu_re" with MS VC++ 16.8 (VS2019)

END.
